2026-06-14 12:03:05,154 [INFO] Starting Weather ETL Pipeline execution.
2026-06-14 12:03:05,155 [INFO] Extracting weather data from Open-Meteo API for coordinates (35.6895, 139.6917)...
2026-06-14 12:03:12,602 [ERROR] Extraction Error: ('Connection aborted.', ConnectionResetError(54, 'Connection reset by peer'))
2026-06-14 12:03:12,602 [INFO] Falling back to local mock data for testing...
2026-06-14 12:03:12,604 [INFO] Transformed 2 hourly records successfully.
2026-06-14 12:03:12,604 [INFO] Connecting to database 'postgres' on host 'localhost'...
2026-06-14 12:03:12,622 [INFO] Database Load complete. Rows affected: 0
2026-06-14 12:03:12,622 [INFO] Weather ETL Pipeline execution completed.
2026-06-14 12:20:44,206 [INFO] Starting Weather ETL Pipeline execution.
2026-06-14 12:20:44,206 [INFO] Extracting weather data from Open-Meteo API for coordinates (35.6895, 139.6917)...
2026-06-14 12:20:54,501 [ERROR] Extraction Error: HTTPSConnectionPool(host='api.open-meteo.com', port=443): Max retries exceeded with url: /v1/forecast?latitude=35.6895&longitude=139.6917&hourly=temperature_2m%2Crelative_humidity_2m%2Cwind_speed_10m&forecast_days=1 (Caused by ConnectTimeoutError(<HTTPSConnection(host='api.open-meteo.com', port=443) at 0x10b20c1a0>, 'Connection to api.open-meteo.com timed out. (connect timeout=10)'))
2026-06-14 12:20:54,501 [INFO] Falling back to local mock data for testing...
2026-06-14 12:20:54,506 [INFO] Transformed 2 hourly records successfully.
2026-06-14 12:20:54,506 [INFO] Connecting to database 'postgres' on host 'localhost'...
2026-06-14 12:20:54,528 [INFO] Database Load complete. Rows affected: 0
2026-06-14 12:20:54,528 [INFO] Weather ETL Pipeline execution completed.
2026-06-14 12:23:50,135 [INFO] Starting Weather ETL Pipeline execution.
2026-06-14 12:23:50,135 [INFO] Extracting weather data from Open-Meteo API for coordinates (35.6895, 139.6917)...
2026-06-14 12:23:50,728 [INFO] Weather data extracted successfully from API.
2026-06-14 12:23:50,733 [INFO] Transformed 24 hourly records successfully.
2026-06-14 12:23:50,733 [INFO] Connecting to database 'postgres' on host 'localhost'...
2026-06-14 12:23:50,757 [INFO] Database Load complete. Rows affected: 22
2026-06-14 12:23:50,757 [INFO] Weather ETL Pipeline execution completed.
2026-06-14 12:41:29,300 [INFO] Starting Weather ETL Pipeline execution.
2026-06-14 12:41:29,301 [INFO] Extracting weather data from Open-Meteo API for coordinates (35.6895, 139.6917)...
2026-06-14 12:41:34,703 [ERROR] Extraction Error: ('Connection aborted.', OSError(22, 'Invalid argument'))
2026-06-14 12:41:34,703 [INFO] Falling back to local mock data for testing...
2026-06-14 12:41:34,705 [INFO] Transformed 2 hourly records successfully.
2026-06-14 12:41:34,705 [INFO] Connecting to database using SQLAlchemy...
2026-06-14 12:41:36,382 [ERROR] Database Load Error: 'IteratorResult' object has no attribute 'rowcount'
2026-06-14 12:41:36,382 [INFO] Weather ETL Pipeline execution completed.
2026-06-14 12:42:03,699 [INFO] Starting Weather ETL Pipeline execution.
2026-06-14 12:42:03,699 [INFO] Extracting weather data from Open-Meteo API for coordinates (35.6895, 139.6917)...
2026-06-14 12:42:13,706 [ERROR] Extraction Error: HTTPSConnectionPool(host='api.open-meteo.com', port=443): Max retries exceeded with url: /v1/forecast?latitude=35.6895&longitude=139.6917&hourly=temperature_2m%2Crelative_humidity_2m%2Cwind_speed_10m&forecast_days=1 (Caused by ConnectTimeoutError(<HTTPSConnection(host='api.open-meteo.com', port=443) at 0x107bae120>, 'Connection to api.open-meteo.com timed out. (connect timeout=10)'))
2026-06-14 12:42:13,706 [INFO] Falling back to local mock data for testing...
2026-06-14 12:42:13,707 [INFO] Transformed 2 hourly records successfully.
2026-06-14 12:42:13,707 [INFO] Connecting to database using SQLAlchemy...
2026-06-14 12:42:13,735 [ERROR] Database Load Error: name 'sessionmaker' is not defined
2026-06-14 12:42:13,735 [INFO] Weather ETL Pipeline execution completed.
2026-06-14 12:42:37,967 [INFO] Starting Weather ETL Pipeline execution.
2026-06-14 12:42:37,967 [INFO] Extracting weather data from Open-Meteo API for coordinates (35.6895, 139.6917)...
2026-06-14 12:42:47,974 [ERROR] Extraction Error: HTTPSConnectionPool(host='api.open-meteo.com', port=443): Max retries exceeded with url: /v1/forecast?latitude=35.6895&longitude=139.6917&hourly=temperature_2m%2Crelative_humidity_2m%2Cwind_speed_10m&forecast_days=1 (Caused by ConnectTimeoutError(<HTTPSConnection(host='api.open-meteo.com', port=443) at 0x10a62e120>, 'Connection to api.open-meteo.com timed out. (connect timeout=10)'))
2026-06-14 12:42:47,974 [INFO] Falling back to local mock data for testing...
2026-06-14 12:42:47,976 [INFO] Transformed 2 hourly records successfully.
2026-06-14 12:42:47,976 [INFO] Connecting to database using SQLAlchemy...
2026-06-14 12:42:48,017 [INFO] Database Load complete. Rows affected: 0
2026-06-14 12:42:48,018 [INFO] Weather ETL Pipeline execution completed.
2026-06-14 12:43:48,802 [INFO] Starting Weather ETL Pipeline execution.
2026-06-14 12:43:48,802 [INFO] Extracting weather data from Open-Meteo API for coordinates (35.6895, 139.6917)...
2026-06-14 12:43:52,456 [INFO] Weather data extracted successfully from API.
2026-06-14 12:43:52,462 [INFO] Transformed 24 hourly records successfully.
2026-06-14 12:43:52,462 [INFO] Connecting to database using SQLAlchemy...
2026-06-14 12:43:52,521 [INFO] Database Load complete. Rows affected: 0
2026-06-14 12:43:52,521 [INFO] Weather ETL Pipeline execution completed.
2026-06-14 17:04:30,319 [INFO] Starting Weather ETL Pipeline execution.
2026-06-14 17:04:30,319 [INFO] Extracting weather data from Open-Meteo API for coordinates (35.6895, 139.6917)...
2026-06-14 17:04:30,878 [INFO] Weather data extracted successfully from API.
2026-06-14 17:04:30,881 [INFO] Transformed 24 hourly records successfully.
2026-06-14 17:04:30,881 [INFO] Connecting to database using SQLAlchemy...
2026-06-14 17:04:30,946 [INFO] Database Load complete. Rows affected: 0
2026-06-14 17:04:30,946 [INFO] Weather ETL Pipeline execution completed.
2026-06-17 09:11:35,427 [INFO] Starting Weather ETL Pipeline execution.
2026-06-17 09:11:35,427 [INFO] Extracting weather data from Open-Meteo API for coordinates (35.6895, 139.6917)...
2026-06-17 09:11:36,051 [INFO] Weather data extracted successfully from API.
2026-06-17 09:11:36,053 [INFO] Transformed 24 hourly records successfully.
2026-06-17 09:11:36,053 [INFO] Connecting to database using SQLAlchemy...
2026-06-17 09:11:36,162 [INFO] Database Load complete. Rows affected: 24
2026-06-17 09:11:36,164 [INFO] Weather ETL Pipeline execution completed.
2026-06-17 09:23:21,450 [INFO] Starting Weather ETL Pipeline execution.
2026-06-17 09:23:21,451 [INFO] Extracting weather data from Open-Meteo API for coordinates (35.6895, 139.6917)...
2026-06-17 09:23:22,141 [INFO] Weather data extracted successfully from API.
2026-06-17 09:23:22,143 [INFO] Weather ETL Pipeline execution completed.
2026-06-17 09:25:23,699 [INFO] Starting Weather ETL Pipeline execution.
2026-06-17 09:25:23,699 [INFO] Extracting weather data from Open-Meteo API for coordinates (35.6895, 139.6917)...
2026-06-17 09:25:24,375 [INFO] Weather data extracted successfully from API.
2026-06-17 09:25:24,378 [INFO] Weather ETL Pipeline execution completed.
2026-06-17 09:27:36,404 [INFO] Starting Weather ETL Pipeline execution.
2026-06-17 09:27:36,404 [INFO] Extracting weather data from Open-Meteo API for coordinates (34.0209, -6.8416)...
2026-06-17 09:27:36,990 [INFO] Weather data extracted successfully from API.
2026-06-17 09:27:36,993 [INFO] Weather ETL Pipeline execution completed.
2026-06-17 09:29:00,275 [INFO] Starting Weather ETL Pipeline execution.
2026-06-17 09:29:00,275 [INFO] Extracting weather data from Open-Meteo API for coordinates (34.0209, -6.8416)...
2026-06-17 09:29:05,528 [INFO] Weather data extracted successfully from API.
2026-06-17 09:29:05,534 [INFO] Transformed 24 hourly records successfully.
2026-06-17 09:29:05,534 [INFO] Weather ETL Pipeline execution completed.
2026-06-17 09:30:29,948 [INFO] Starting Weather ETL Pipeline execution.
2026-06-17 09:30:29,948 [INFO] Extracting weather data from Open-Meteo API for coordinates (34.0209, -6.8416)...
2026-06-17 09:30:30,619 [INFO] Weather data extracted successfully from API.
2026-06-17 09:30:30,625 [INFO] Transformed 24 hourly records successfully.
2026-06-17 09:30:30,625 [INFO] Weather ETL Pipeline execution completed.
2026-06-17 09:31:00,354 [INFO] Starting Weather ETL Pipeline execution.
2026-06-17 09:31:00,354 [INFO] Extracting weather data from Open-Meteo API for coordinates (34.0209, -6.8416)...
2026-06-17 09:31:00,600 [INFO] Weather data extracted successfully from API.
2026-06-17 09:31:00,605 [INFO] Transformed 24 hourly records successfully.
2026-06-17 09:31:00,606 [INFO] Weather ETL Pipeline execution completed.
2026-06-17 09:31:22,180 [INFO] Starting Weather ETL Pipeline execution.
2026-06-17 09:31:22,180 [INFO] Extracting weather data from Open-Meteo API for coordinates (34.0209, -6.8416)...
2026-06-17 09:31:22,430 [INFO] Weather data extracted successfully from API.
2026-06-17 09:31:22,434 [INFO] Transformed 24 hourly records successfully.
2026-06-17 09:31:22,435 [INFO] Connecting to database using SQLAlchemy...
2026-06-17 09:31:22,492 [INFO] Database Load complete. Rows affected: 24
2026-06-17 09:31:22,493 [INFO] Weather ETL Pipeline execution completed.
2026-06-17 09:35:14,940 [INFO] Starting Weather ETL Pipeline execution.
2026-06-17 09:35:14,940 [INFO] Extracting weather data from Open-Meteo API for coordinates (34.0209, -6.8416)...
2026-06-17 09:35:15,450 [INFO] Weather data extracted successfully from API.
2026-06-17 09:35:15,452 [INFO] Transformed 24 hourly records successfully.
2026-06-17 09:35:15,453 [INFO] Connecting to database using SQLAlchemy...
2026-06-17 09:35:15,501 [INFO] Database Load complete. Rows affected: 0
2026-06-17 09:35:15,502 [ERROR] Database Load Error: 'Connection' object has no attribute 'query'
2026-06-17 09:35:15,502 [INFO] Weather ETL Pipeline execution completed.
2026-06-17 09:36:24,377 [INFO] Starting Weather ETL Pipeline execution.
2026-06-17 09:36:24,377 [INFO] Extracting weather data from Open-Meteo API for coordinates (34.0209, -6.8416)...
2026-06-17 09:36:24,631 [INFO] Weather data extracted successfully from API.
2026-06-17 09:36:24,639 [INFO] Transformed 24 hourly records successfully.
2026-06-17 09:36:24,640 [INFO] Connecting to database using SQLAlchemy...
2026-06-17 09:36:24,686 [INFO] Database Load complete. Rows affected: 0
2026-06-17 09:36:24,687 [ERROR] Database Load Error: module 'functools' has no attribute 'count'
2026-06-17 09:36:24,687 [INFO] Weather ETL Pipeline execution completed.
2026-06-17 09:52:28,551 [INFO] Starting Weather ETL Pipeline execution.
2026-06-17 09:52:28,552 [INFO] Extracting weather data from Open-Meteo API for coordinates (34.0209, -6.8416)...
2026-06-17 09:52:29,174 [INFO] Weather data extracted successfully from API.
2026-06-17 09:52:29,179 [INFO] Transformed 24 hourly records successfully.
2026-06-17 09:52:29,180 [INFO] Connecting to database using SQLAlchemy...
2026-06-17 09:52:29,240 [INFO] Database Load complete. Rows affected: 0
2026-06-17 09:52:29,240 [ERROR] Database Load Error: module 'functools' has no attribute 'count'
2026-06-17 09:52:29,240 [INFO] Weather ETL Pipeline execution completed.
2026-06-17 09:53:14,537 [INFO] Starting Weather ETL Pipeline execution.
2026-06-17 09:53:14,537 [INFO] Extracting weather data from Open-Meteo API for coordinates (34.0209, -6.8416)...
2026-06-17 09:53:14,790 [INFO] Weather data extracted successfully from API.
2026-06-17 09:53:14,794 [INFO] Transformed 24 hourly records successfully.
2026-06-17 09:53:14,794 [INFO] Connecting to database using SQLAlchemy...
2026-06-17 09:53:14,848 [INFO] Database Load complete. Rows affected: 0
2026-06-17 09:53:14,849 [ERROR] Database Load Error: Not an executable object: <class 'models.WeatherStage'>
2026-06-17 09:53:14,849 [INFO] Weather ETL Pipeline execution completed.
2026-06-17 09:53:48,323 [INFO] Starting Weather ETL Pipeline execution.
2026-06-17 09:53:48,323 [INFO] Extracting weather data from Open-Meteo API for coordinates (34.0209, -6.8416)...
2026-06-17 09:53:48,959 [INFO] Weather data extracted successfully from API.
2026-06-17 09:53:48,965 [INFO] Transformed 24 hourly records successfully.
2026-06-17 09:53:48,966 [INFO] Connecting to database using SQLAlchemy...
2026-06-17 09:53:49,023 [INFO] Database Load complete. Rows affected: 0
2026-06-17 09:53:49,023 [INFO] Weather ETL Pipeline execution completed.
2026-06-17 10:01:35,955 [INFO] Starting Weather ETL Pipeline execution.
2026-06-17 10:01:35,955 [INFO] Extracting weather data from Open-Meteo API for coordinates (34.0209, -6.8416)...
2026-06-17 10:01:36,524 [INFO] Weather data extracted successfully from API.
2026-06-17 10:01:36,530 [INFO] Transformed 24 hourly records successfully.
2026-06-17 10:01:36,530 [INFO] Connecting to database using SQLAlchemy...
2026-06-17 10:01:36,588 [INFO] Database Load complete. Rows affected: 0
2026-06-17 10:01:36,588 [INFO] Weather ETL Pipeline execution completed.
